<?xml version="1.0" encoding="UTF-8"?>
<!-- Generated by org.testng.reporters.JUnitReportReporter -->
<testsuite hostname="LAPTOP-69AVL10O" failures="0" tests="1" name="login_Module_Validation.Login_Page_Validation" time="0.154" errors="0" timestamp="15 Oct 2022 18:00:32 GMT" skipped="0">
  <testcase classname="login_Module_Validation.Login_Page_Validation" name="Login_Test" time="0.154"/>
</testsuite> <!-- login_Module_Validation.Login_Page_Validation -->
